<?xml version="1.0" encoding="UTF-8"?>
<testng-results ignored="0" total="1" passed="1" failed="0" skipped="0">
  <reporter-output>
  </reporter-output>
  <suite started-at="2022-06-11T21:46:57 IST" name="Default suite" finished-at="2022-06-11T21:47:14 IST" duration-ms="17467">
    <groups>
    </groups>
    <test started-at="2022-06-11T21:46:57 IST" name="Default test" finished-at="2022-06-11T21:47:14 IST" duration-ms="17467">
      <class name="Test.PinPageTest">
        <test-method is-config="true" signature="Browser1()[pri:0, instance:Test.PinPageTest@57cf54e1]" started-at="2022-06-11T21:46:57 IST" name="Browser1" finished-at="2022-06-11T21:47:06 IST" duration-ms="8892" status="PASS">
          <reporter-output>
          </reporter-output>
        </test-method> <!-- Browser1 -->
        <test-method signature="loginWithvalidCredientialsTest()[pri:0, instance:Test.PinPageTest@57cf54e1]" started-at="2022-06-11T21:47:06 IST" name="loginWithvalidCredientialsTest" finished-at="2022-06-11T21:47:14 IST" duration-ms="8467" status="PASS">
          <reporter-output>
          </reporter-output>
        </test-method> <!-- loginWithvalidCredientialsTest -->
      </class> <!-- Test.PinPageTest -->
    </test> <!-- Default test -->
  </suite> <!-- Default suite -->
</testng-results>
